C51 COMPILER V9.56.0.0   GPIO                                                              02/15/2025 19:23:35 PAGE 1   


C51 COMPILER V9.56.0.0, COMPILATION OF MODULE GPIO
OBJECT MODULE PLACED IN ..\OBJ\gpio.obj
COMPILER INVOKED BY: D:\Keil_v5\C51\BIN\C51.EXE ..\HARDWARE\gpio\gpio.c LARGE OPTIMIZE(9,SIZE) BROWSE INCDIR(..\SYSTEM\d
                    -elay;..\SYSTEM\sys;..\SYSTEM\init;..\FWLib\include;..\USER;..\HARDWARE\gpio;..\SYSTEM\uart;..\HARDWARE\max31865;..\HARDW
                    -ARE\18b20) DEBUG OBJECTEXTEND PRINT(..\OBJ\gpio.lst) TABS(2) OBJECT(..\OBJ\gpio.obj)

line level    source

   1          #include "gpio.h"
   2          
   3          
   4          void  LED_Init(void)
   5          {
   6   1        GPIO_InitTypeDef  GPIO_InitStructure;   //结构定义
   7   1        GPIO_InitStructure.Pin  = GPIO_Pin_1;   //指定要初始化的IO,
   8   1        GPIO_InitStructure.Mode = GPIO_PullUp;    //指定IO的输入或输出方式,GPIO_PullUp,GPIO_HighZ,GPIO_OUT_OD,GPIO_
             -OUT_PP
   9   1        GPIO_Inilize(GPIO_P1,&GPIO_InitStructure);  //初始化
  10   1      }
  11          
  12          
  13          void error_display()
  14          {
  15   1        static u16 led_count = 0;
  16   1        
  17   1        led_count++;
  18   1        if(led_count > 200)
  19   1        {
  20   2          led_count = 0;
  21   2          LED = !LED;
  22   2        }
  23   1      }


MODULE INFORMATION:   STATIC OVERLAYABLE
   CODE SIZE        =     54    ----
   CONSTANT SIZE    =   ----    ----
   XDATA SIZE       =      2       2
   PDATA SIZE       =   ----    ----
   DATA SIZE        =   ----    ----
   IDATA SIZE       =   ----    ----
   BIT SIZE         =   ----    ----
END OF MODULE INFORMATION.


C51 COMPILATION COMPLETE.  0 WARNING(S),  0 ERROR(S)
